0 info it worked if it ends with ok
1 verbose cli [ '/usr/local/bin/node', '/usr/local/bin/npm', 'start' ]
2 info using npm@3.10.8
3 info using node@v6.9.1
4 verbose run-script [ 'prestart', 'start', 'poststart' ]
5 info lifecycle postermopster@1.0.0~prestart: postermopster@1.0.0
6 silly lifecycle postermopster@1.0.0~prestart: no script for prestart, continuing
7 info lifecycle postermopster@1.0.0~start: postermopster@1.0.0
8 verbose lifecycle postermopster@1.0.0~start: unsafe-perm in lifecycle true
9 verbose lifecycle postermopster@1.0.0~start: PATH: /usr/local/lib/node_modules/npm/bin/node-gyp-bin:/Users/devop/Documents/WEB/node_test/PosterMopster/node_modules/.bin:/usr/local/bin:/usr/bin:/bin:/usr/sbin:/sbin
10 verbose lifecycle postermopster@1.0.0~start: CWD: /Users/devop/Documents/WEB/node_test/PosterMopster
11 silly lifecycle postermopster@1.0.0~start: Args: [ '-c',
11 silly lifecycle   'cp src/index.html public/index.html && webpack-dev-server --config webpack.config.js --progress --colors --port 8000 --inline' ]
12 silly lifecycle postermopster@1.0.0~start: Returned: code: 1  signal: null
13 info lifecycle postermopster@1.0.0~start: Failed to exec start script
14 verbose stack Error: postermopster@1.0.0 start: `cp src/index.html public/index.html && webpack-dev-server --config webpack.config.js --progress --colors --port 8000 --inline`
14 verbose stack Exit status 1
14 verbose stack     at EventEmitter.<anonymous> (/usr/local/lib/node_modules/npm/lib/utils/lifecycle.js:255:16)
14 verbose stack     at emitTwo (events.js:106:13)
14 verbose stack     at EventEmitter.emit (events.js:191:7)
14 verbose stack     at ChildProcess.<anonymous> (/usr/local/lib/node_modules/npm/lib/utils/spawn.js:40:14)
14 verbose stack     at emitTwo (events.js:106:13)
14 verbose stack     at ChildProcess.emit (events.js:191:7)
14 verbose stack     at maybeClose (internal/child_process.js:877:16)
14 verbose stack     at Process.ChildProcess._handle.onexit (internal/child_process.js:226:5)
15 verbose pkgid postermopster@1.0.0
16 verbose cwd /Users/devop/Documents/WEB/node_test/PosterMopster
17 error Darwin 15.6.0
18 error argv "/usr/local/bin/node" "/usr/local/bin/npm" "start"
19 error node v6.9.1
20 error npm  v3.10.8
21 error code ELIFECYCLE
22 error postermopster@1.0.0 start: `cp src/index.html public/index.html && webpack-dev-server --config webpack.config.js --progress --colors --port 8000 --inline`
22 error Exit status 1
23 error Failed at the postermopster@1.0.0 start script 'cp src/index.html public/index.html && webpack-dev-server --config webpack.config.js --progress --colors --port 8000 --inline'.
23 error Make sure you have the latest version of node.js and npm installed.
23 error If you do, this is most likely a problem with the postermopster package,
23 error not with npm itself.
23 error Tell the author that this fails on your system:
23 error     cp src/index.html public/index.html && webpack-dev-server --config webpack.config.js --progress --colors --port 8000 --inline
23 error You can get information on how to open an issue for this project with:
23 error     npm bugs postermopster
23 error Or if that isn't available, you can get their info via:
23 error     npm owner ls postermopster
23 error There is likely additional logging output above.
24 verbose exit [ 1, true ]
